<?xml version="1.0" encoding="UTF-8"?>
<testng-results ignored="0" total="3" passed="3" failed="0" skipped="0">
  <reporter-output>
  </reporter-output>
  <suite started-at="2022-11-07T12:57:56 IST" name="Suite" finished-at="2022-11-07T12:58:56 IST" duration-ms="59936">
    <groups>
    </groups>
    <test started-at="2022-11-07T12:57:56 IST" name="Test" finished-at="2022-11-07T12:58:56 IST" duration-ms="59936">
      <class name="scripting.TestCase2">
        <test-method is-config="true" signature="openApp()[pri:0, instance:scripting.TestCase2@20deea7f]" started-at="2022-11-07T12:58:19 IST" name="openApp" finished-at="2022-11-07T12:58:21 IST" duration-ms="2386" status="PASS">
          <reporter-output>
          </reporter-output>
        </test-method> <!-- openApp -->
        <test-method signature="tc2()[pri:0, instance:scripting.TestCase2@20deea7f]" started-at="2022-11-07T12:58:21 IST" name="tc2" finished-at="2022-11-07T12:58:46 IST" duration-ms="25136" status="PASS">
          <reporter-output>
          </reporter-output>
        </test-method> <!-- tc2 -->
        <test-method is-config="true" signature="closeApp(org.testng.ITestResult)[pri:0, instance:scripting.TestCase2@20deea7f]" started-at="2022-11-07T12:58:46 IST" name="closeApp" finished-at="2022-11-07T12:58:47 IST" duration-ms="326" status="PASS">
          <params>
            <param index="0">
              <value>
                <![CDATA[[TestResult name=tc2 status=SUCCESS method=TestCase2.tc2()[pri:0, instance:scripting.TestCase2@20deea7f] output={null}]]]>
              </value>
            </param>
          </params>
          <reporter-output>
          </reporter-output>
        </test-method> <!-- closeApp -->
      </class> <!-- scripting.TestCase2 -->
      <class name="scripting.Testcase3">
        <test-method is-config="true" signature="openApp()[pri:0, instance:scripting.Testcase3@5e82df6a]" started-at="2022-11-07T12:57:56 IST" name="openApp" finished-at="2022-11-07T12:57:59 IST" duration-ms="3508" status="PASS">
          <reporter-output>
          </reporter-output>
        </test-method> <!-- openApp -->
        <test-method signature="tc3()[pri:0, instance:scripting.Testcase3@5e82df6a]" started-at="2022-11-07T12:57:59 IST" name="tc3" finished-at="2022-11-07T12:58:18 IST" duration-ms="18722" status="PASS">
          <reporter-output>
          </reporter-output>
        </test-method> <!-- tc3 -->
        <test-method is-config="true" signature="closeApp(org.testng.ITestResult)[pri:0, instance:scripting.Testcase3@5e82df6a]" started-at="2022-11-07T12:58:18 IST" name="closeApp" finished-at="2022-11-07T12:58:19 IST" duration-ms="539" status="PASS">
          <params>
            <param index="0">
              <value>
                <![CDATA[[TestResult name=tc3 status=SUCCESS method=Testcase3.tc3()[pri:0, instance:scripting.Testcase3@5e82df6a] output={null}]]]>
              </value>
            </param>
          </params>
          <reporter-output>
          </reporter-output>
        </test-method> <!-- closeApp -->
      </class> <!-- scripting.Testcase3 -->
      <class name="scripting.Testcase1">
        <test-method is-config="true" signature="openApp()[pri:0, instance:scripting.Testcase1@3835c46]" started-at="2022-11-07T12:58:47 IST" name="openApp" finished-at="2022-11-07T12:58:48 IST" duration-ms="1610" status="PASS">
          <reporter-output>
          </reporter-output>
        </test-method> <!-- openApp -->
        <test-method signature="tc1()[pri:0, instance:scripting.Testcase1@3835c46]" started-at="2022-11-07T12:58:48 IST" name="tc1" finished-at="2022-11-07T12:58:55 IST" duration-ms="7202" status="PASS">
          <reporter-output>
          </reporter-output>
        </test-method> <!-- tc1 -->
        <test-method is-config="true" signature="closeApp(org.testng.ITestResult)[pri:0, instance:scripting.Testcase1@3835c46]" started-at="2022-11-07T12:58:55 IST" name="closeApp" finished-at="2022-11-07T12:58:56 IST" duration-ms="428" status="PASS">
          <params>
            <param index="0">
              <value>
                <![CDATA[[TestResult name=tc1 status=SUCCESS method=Testcase1.tc1()[pri:0, instance:scripting.Testcase1@3835c46] output={null}]]]>
              </value>
            </param>
          </params>
          <reporter-output>
          </reporter-output>
        </test-method> <!-- closeApp -->
      </class> <!-- scripting.Testcase1 -->
    </test> <!-- Test -->
  </suite> <!-- Suite -->
</testng-results>
